<?xml version="1.0" encoding="UTF-8"?>
<testsuite name="com.myfirstprogram.test.PointTests" tests="1" skipped="0" failures="0" errors="0" timestamp="2017-12-26T19:23:54" hostname="egoldinmac.corp.randmcnally.com" time="0.052">
  <properties/>
  <testcase name="testDistance" classname="com.myfirstprogram.test.PointTests" time="0.052"/>
  <system-out><![CDATA[]]></system-out>
  <system-err><![CDATA[]]></system-err>
</testsuite>
