<?xml version="1.0" encoding="UTF-8"?>
<testsuite name="com.igoldin.qa.school.tests.GroupModificationTests" tests="1" skipped="0" failures="0" errors="0" timestamp="2017-12-09T20:59:01" hostname="egoldinmac.local" time="2.066">
  <properties/>
  <testcase name="testGroupModification" classname="com.igoldin.qa.school.tests.GroupModificationTests" time="2.066"/>
  <system-out><![CDATA[]]></system-out>
  <system-err><![CDATA[]]></system-err>
</testsuite>
