<?xml version="1.0" encoding="UTF-8"?>
<testsuite name="com.igoldin.qa.school.tests.ContactModificationTests" tests="1" skipped="0" failures="0" errors="0" timestamp="2017-12-09T23:25:19" hostname="egoldinmac.local" time="5.939">
  <properties/>
  <testcase name="testContactModification" classname="com.igoldin.qa.school.tests.ContactModificationTests" time="5.939"/>
  <system-out><![CDATA[17:25:19.345 [Test worker] INFO  com.igoldin.qa.school.tests.TestBase - Start test testContactModificationwith parameters []
]]></system-out>
  <system-err><![CDATA[]]></system-err>
</testsuite>
