<?xml version="1.0" encoding="UTF-8"?>
<testsuite name="com.igoldin.qa.school.tests.ContactModificationTests" tests="1" skipped="0" failures="0" errors="0" timestamp="2017-12-09T21:23:34" hostname="egoldinmac.local" time="12.95">
  <properties/>
  <testcase name="testContactModification" classname="com.igoldin.qa.school.tests.ContactModificationTests" time="12.95"/>
  <system-out><![CDATA[]]></system-out>
  <system-err><![CDATA[]]></system-err>
</testsuite>
