<?xml version="1.0" encoding="UTF-8"?>
<testsuite name="com.igoldin.qa.school.tests.ContactDeletionTests" tests="1" skipped="0" failures="0" errors="0" timestamp="2017-12-09T23:25:25" hostname="egoldinmac.local" time="7.318">
  <properties/>
  <testcase name="testContactDeletion" classname="com.igoldin.qa.school.tests.ContactDeletionTests" time="7.318"/>
  <system-out><![CDATA[17:25:25.295 [Test worker] INFO  com.igoldin.qa.school.tests.TestBase - Start test testContactDeletionwith parameters []
]]></system-out>
  <system-err><![CDATA[]]></system-err>
</testsuite>
