<?xml version="1.0" encoding="UTF-8"?>
<testsuite name="com.igoldin.qa.school.tests.ContactDeletionTests" tests="1" skipped="0" failures="0" errors="0" timestamp="2017-12-09T21:23:51" hostname="egoldinmac.local" time="13.737">
  <properties/>
  <testcase name="testContactDeletion" classname="com.igoldin.qa.school.tests.ContactDeletionTests" time="13.737"/>
  <system-out><![CDATA[]]></system-out>
  <system-err><![CDATA[]]></system-err>
</testsuite>
