<?xml version="1.0" encoding="UTF-8"?>
<testsuite name="com.igoldin.qa.school.tests.ContactFormEntriesTests" tests="3" skipped="0" failures="0" errors="0" timestamp="2017-12-09T23:25:32" hostname="egoldinmac.local" time="2.259">
  <properties/>
  <testcase name="testContactAddress" classname="com.igoldin.qa.school.tests.ContactFormEntriesTests" time="0.842"/>
  <testcase name="testContactEmails" classname="com.igoldin.qa.school.tests.ContactFormEntriesTests" time="0.62"/>
  <testcase name="testContactPhones" classname="com.igoldin.qa.school.tests.ContactFormEntriesTests" time="0.62"/>
  <system-out><![CDATA[17:25:32.625 [Test worker] INFO  com.igoldin.qa.school.tests.TestBase - Start test testContactAddresswith parameters []
]]></system-out>
  <system-err><![CDATA[]]></system-err>
</testsuite>
